{"C:\\Users\\essra\\tp-api-nodejs\\app.js": {"path":"C:\\Users\\essra\\tp-api-nodejs\\app.js","statementMap":{"0":{"start":{"line":4,"column":16},"end":{"line":4,"column":34}},"1":{"start":{"line":9,"column":12},"end":{"line":9,"column":21}},"2":{"start":{"line":17,"column":0},"end":{"line":17,"column":24}},"3":{"start":{"line":24,"column":0},"end":{"line":37,"column":3}},"4":{"start":{"line":25,"column":4},"end":{"line":36,"column":7}},"5":{"start":{"line":40,"column":0},"end":{"line":46,"column":3}},"6":{"start":{"line":41,"column":4},"end":{"line":45,"column":7}},"7":{"start":{"line":49,"column":0},"end":{"line":49,"column":62}},"8":{"start":{"line":56,"column":0},"end":{"line":61,"column":3}},"9":{"start":{"line":57,"column":4},"end":{"line":60,"column":7}},"10":{"start":{"line":63,"column":0},"end":{"line":63,"column":21}}},"fnMap":{"0":{"name":"(anonymous_0)","decl":{"start":{"line":24,"column":13},"end":{"line":24,"column":14}},"loc":{"start":{"line":24,"column":27},"end":{"line":37,"column":1}},"line":24},"1":{"name":"(anonymous_1)","decl":{"start":{"line":40,"column":19},"end":{"line":40,"column":20}},"loc":{"start":{"line":40,"column":33},"end":{"line":46,"column":1}},"line":40},"2":{"name":"(anonymous_2)","decl":{"start":{"line":56,"column":8},"end":{"line":56,"column":9}},"loc":{"start":{"line":56,"column":22},"end":{"line":61,"column":1}},"line":56}},"branchMap":{},"s":{"0":1,"1":1,"2":1,"3":1,"4":0,"5":1,"6":0,"7":1,"8":1,"9":0,"10":1},"f":{"0":0,"1":0,"2":0},"b":{},"_coverageSchema":"1a1c01bbd47fc00a2c39e90264f33305004495a9","hash":"e6852d49ce63bce21c493d096e4553614fdd92b2"}
,"C:\\Users\\essra\\tp-api-nodejs\\controllers\\etudiantcontroller.js": {"path":"C:\\Users\\essra\\tp-api-nodejs\\controllers\\etudiantcontroller.js","statementMap":{"0":{"start":{"line":2,"column":17},"end":{"line":2,"column":36}},"1":{"start":{"line":3,"column":17},"end":{"line":3,"column":46}},"2":{"start":{"line":4,"column":17},"end":{"line":4,"column":35}},"3":{"start":{"line":5,"column":0},"end":{"line":25,"column":2}},"4":{"start":{"line":6,"column":2},"end":{"line":24,"column":3}},"5":{"start":{"line":7,"column":37},"end":{"line":7,"column":45}},"6":{"start":{"line":9,"column":4},"end":{"line":11,"column":5}},"7":{"start":{"line":10,"column":6},"end":{"line":10,"column":88}},"8":{"start":{"line":12,"column":4},"end":{"line":14,"column":5}},"9":{"start":{"line":13,"column":6},"end":{"line":13,"column":81}},"10":{"start":{"line":15,"column":4},"end":{"line":17,"column":5}},"11":{"start":{"line":16,"column":6},"end":{"line":16,"column":94}},"12":{"start":{"line":19,"column":21},"end":{"line":19,"column":43}},"13":{"start":{"line":20,"column":4},"end":{"line":20,"column":26}},"14":{"start":{"line":21,"column":4},"end":{"line":21,"column":35}},"15":{"start":{"line":23,"column":4},"end":{"line":23,"column":53}},"16":{"start":{"line":32,"column":0},"end":{"line":50,"column":2}},"17":{"start":{"line":33,"column":4},"end":{"line":49,"column":5}},"18":{"start":{"line":35,"column":26},"end":{"line":35,"column":62}},"19":{"start":{"line":37,"column":8},"end":{"line":41,"column":11}},"20":{"start":{"line":44,"column":8},"end":{"line":48,"column":11}},"21":{"start":{"line":58,"column":0},"end":{"line":90,"column":2}},"22":{"start":{"line":59,"column":4},"end":{"line":89,"column":5}},"23":{"start":{"line":60,"column":8},"end":{"line":62,"column":5}},"24":{"start":{"line":61,"column":6},"end":{"line":61,"column":62}},"25":{"start":{"line":64,"column":8},"end":{"line":64,"column":61}},"26":{"start":{"line":67,"column":25},"end":{"line":67,"column":63}},"27":{"start":{"line":70,"column":8},"end":{"line":75,"column":9}},"28":{"start":{"line":71,"column":12},"end":{"line":74,"column":15}},"29":{"start":{"line":78,"column":8},"end":{"line":81,"column":11}},"30":{"start":{"line":84,"column":8},"end":{"line":88,"column":11}},"31":{"start":{"line":97,"column":0},"end":{"line":136,"column":2}},"32":{"start":{"line":98,"column":4},"end":{"line":135,"column":5}},"33":{"start":{"line":99,"column":8},"end":{"line":99,"column":63}},"34":{"start":{"line":100,"column":8},"end":{"line":100,"column":55}},"35":{"start":{"line":109,"column":25},"end":{"line":113,"column":9}},"36":{"start":{"line":116,"column":8},"end":{"line":121,"column":9}},"37":{"start":{"line":117,"column":12},"end":{"line":120,"column":15}},"38":{"start":{"line":123,"column":8},"end":{"line":127,"column":11}},"39":{"start":{"line":130,"column":8},"end":{"line":134,"column":11}},"40":{"start":{"line":143,"column":0},"end":{"line":175,"column":2}},"41":{"start":{"line":144,"column":4},"end":{"line":174,"column":5}},"42":{"start":{"line":145,"column":8},"end":{"line":145,"column":66}},"43":{"start":{"line":149,"column":25},"end":{"line":153,"column":9}},"44":{"start":{"line":155,"column":8},"end":{"line":160,"column":9}},"45":{"start":{"line":156,"column":12},"end":{"line":159,"column":15}},"46":{"start":{"line":162,"column":8},"end":{"line":166,"column":11}},"47":{"start":{"line":169,"column":8},"end":{"line":173,"column":11}},"48":{"start":{"line":182,"column":0},"end":{"line":203,"column":2}},"49":{"start":{"line":183,"column":4},"end":{"line":202,"column":5}},"50":{"start":{"line":184,"column":8},"end":{"line":184,"column":69}},"51":{"start":{"line":187,"column":26},"end":{"line":187,"column":78}},"52":{"start":{"line":189,"column":8},"end":{"line":194,"column":11}},"53":{"start":{"line":197,"column":8},"end":{"line":201,"column":11}},"54":{"start":{"line":210,"column":0},"end":{"line":253,"column":2}},"55":{"start":{"line":211,"column":4},"end":{"line":252,"column":5}},"56":{"start":{"line":213,"column":27},"end":{"line":213,"column":38}},"57":{"start":{"line":215,"column":8},"end":{"line":215,"column":54}},"58":{"start":{"line":218,"column":8},"end":{"line":223,"column":9}},"59":{"start":{"line":219,"column":12},"end":{"line":222,"column":15}},"60":{"start":{"line":227,"column":22},"end":{"line":227,"column":49}},"61":{"start":{"line":231,"column":26},"end":{"line":236,"column":10}},"62":{"start":{"line":239,"column":8},"end":{"line":244,"column":11}},"63":{"start":{"line":247,"column":8},"end":{"line":251,"column":11}},"64":{"start":{"line":259,"column":0},"end":{"line":280,"column":2}},"65":{"start":{"line":260,"column":4},"end":{"line":279,"column":5}},"66":{"start":{"line":261,"column":8},"end":{"line":261,"column":62}},"67":{"start":{"line":264,"column":26},"end":{"line":264,"column":63}},"68":{"start":{"line":266,"column":8},"end":{"line":271,"column":11}},"69":{"start":{"line":274,"column":8},"end":{"line":278,"column":11}},"70":{"start":{"line":286,"column":0},"end":{"line":316,"column":2}},"71":{"start":{"line":287,"column":4},"end":{"line":315,"column":5}},"72":{"start":{"line":288,"column":8},"end":{"line":288,"column":64}},"73":{"start":{"line":290,"column":25},"end":{"line":294,"column":9}},"74":{"start":{"line":296,"column":8},"end":{"line":301,"column":9}},"75":{"start":{"line":297,"column":12},"end":{"line":300,"column":15}},"76":{"start":{"line":303,"column":8},"end":{"line":307,"column":11}},"77":{"start":{"line":310,"column":8},"end":{"line":314,"column":11}},"78":{"start":{"line":323,"column":0},"end":{"line":349,"column":2}},"79":{"start":{"line":324,"column":4},"end":{"line":348,"column":5}},"80":{"start":{"line":325,"column":8},"end":{"line":325,"column":74}},"81":{"start":{"line":327,"column":25},"end":{"line":327,"column":72}},"82":{"start":{"line":329,"column":8},"end":{"line":334,"column":9}},"83":{"start":{"line":330,"column":12},"end":{"line":333,"column":15}},"84":{"start":{"line":336,"column":8},"end":{"line":340,"column":11}},"85":{"start":{"line":343,"column":8},"end":{"line":347,"column":11}},"86":{"start":{"line":351,"column":0},"end":{"line":380,"column":2}},"87":{"start":{"line":352,"column":4},"end":{"line":379,"column":5}},"88":{"start":{"line":353,"column":65},"end":{"line":353,"column":74}},"89":{"start":{"line":354,"column":21},"end":{"line":354,"column":36}},"90":{"start":{"line":356,"column":8},"end":{"line":356,"column":51}},"91":{"start":{"line":356,"column":17},"end":{"line":356,"column":51}},"92":{"start":{"line":357,"column":8},"end":{"line":357,"column":46}},"93":{"start":{"line":357,"column":21},"end":{"line":357,"column":46}},"94":{"start":{"line":358,"column":8},"end":{"line":362,"column":9}},"95":{"start":{"line":359,"column":12},"end":{"line":359,"column":30}},"96":{"start":{"line":360,"column":12},"end":{"line":360,"column":65}},"97":{"start":{"line":360,"column":26},"end":{"line":360,"column":65}},"98":{"start":{"line":361,"column":12},"end":{"line":361,"column":65}},"99":{"start":{"line":361,"column":26},"end":{"line":361,"column":65}},"100":{"start":{"line":363,"column":8},"end":{"line":363,"column":74}},"101":{"start":{"line":363,"column":24},"end":{"line":363,"column":74}},"102":{"start":{"line":365,"column":26},"end":{"line":365,"column":53}},"103":{"start":{"line":367,"column":8},"end":{"line":372,"column":11}},"104":{"start":{"line":374,"column":8},"end":{"line":378,"column":11}}},"fnMap":{"0":{"name":"(anonymous_0)","decl":{"start":{"line":5,"column":25},"end":{"line":5,"column":26}},"loc":{"start":{"line":5,"column":45},"end":{"line":25,"column":1}},"line":5},"1":{"name":"(anonymous_1)","decl":{"start":{"line":32,"column":26},"end":{"line":32,"column":27}},"loc":{"start":{"line":32,"column":46},"end":{"line":50,"column":1}},"line":32},"2":{"name":"(anonymous_2)","decl":{"start":{"line":58,"column":26},"end":{"line":58,"column":27}},"loc":{"start":{"line":58,"column":46},"end":{"line":90,"column":1}},"line":58},"3":{"name":"(anonymous_3)","decl":{"start":{"line":97,"column":25},"end":{"line":97,"column":26}},"loc":{"start":{"line":97,"column":45},"end":{"line":136,"column":1}},"line":97},"4":{"name":"(anonymous_4)","decl":{"start":{"line":143,"column":25},"end":{"line":143,"column":26}},"loc":{"start":{"line":143,"column":45},"end":{"line":175,"column":1}},"line":143},"5":{"name":"(anonymous_5)","decl":{"start":{"line":182,"column":32},"end":{"line":182,"column":33}},"loc":{"start":{"line":182,"column":52},"end":{"line":203,"column":1}},"line":182},"6":{"name":"(anonymous_6)","decl":{"start":{"line":210,"column":26},"end":{"line":210,"column":27}},"loc":{"start":{"line":210,"column":46},"end":{"line":253,"column":1}},"line":210},"7":{"name":"(anonymous_7)","decl":{"start":{"line":259,"column":31},"end":{"line":259,"column":32}},"loc":{"start":{"line":259,"column":51},"end":{"line":280,"column":1}},"line":259},"8":{"name":"(anonymous_8)","decl":{"start":{"line":286,"column":26},"end":{"line":286,"column":27}},"loc":{"start":{"line":286,"column":46},"end":{"line":316,"column":1}},"line":286},"9":{"name":"(anonymous_9)","decl":{"start":{"line":323,"column":29},"end":{"line":323,"column":30}},"loc":{"start":{"line":323,"column":49},"end":{"line":349,"column":1}},"line":323},"10":{"name":"(anonymous_10)","decl":{"start":{"line":351,"column":25},"end":{"line":351,"column":26}},"loc":{"start":{"line":351,"column":45},"end":{"line":380,"column":1}},"line":351}},"branchMap":{"0":{"loc":{"start":{"line":9,"column":4},"end":{"line":11,"column":5}},"type":"if","locations":[{"start":{"line":9,"column":4},"end":{"line":11,"column":5}},{"start":{},"end":{}}],"line":9},"1":{"loc":{"start":{"line":9,"column":8},"end":{"line":9,"column":23}},"type":"binary-expr","locations":[{"start":{"line":9,"column":8},"end":{"line":9,"column":12}},{"start":{"line":9,"column":16},"end":{"line":9,"column":23}}],"line":9},"2":{"loc":{"start":{"line":12,"column":4},"end":{"line":14,"column":5}},"type":"if","locations":[{"start":{"line":12,"column":4},"end":{"line":14,"column":5}},{"start":{},"end":{}}],"line":12},"3":{"loc":{"start":{"line":12,"column":8},"end":{"line":12,"column":60}},"type":"binary-expr","locations":[{"start":{"line":12,"column":8},"end":{"line":12,"column":29}},{"start":{"line":12,"column":33},"end":{"line":12,"column":60}}],"line":12},"4":{"loc":{"start":{"line":15,"column":4},"end":{"line":17,"column":5}},"type":"if","locations":[{"start":{"line":15,"column":4},"end":{"line":17,"column":5}},{"start":{},"end":{}}],"line":15},"5":{"loc":{"start":{"line":15,"column":8},"end":{"line":15,"column":35}},"type":"binary-expr","locations":[{"start":{"line":15,"column":8},"end":{"line":15,"column":19}},{"start":{"line":15,"column":23},"end":{"line":15,"column":35}}],"line":15},"6":{"loc":{"start":{"line":60,"column":8},"end":{"line":62,"column":5}},"type":"if","locations":[{"start":{"line":60,"column":8},"end":{"line":62,"column":5}},{"start":{},"end":{}}],"line":60},"7":{"loc":{"start":{"line":70,"column":8},"end":{"line":75,"column":9}},"type":"if","locations":[{"start":{"line":70,"column":8},"end":{"line":75,"column":9}},{"start":{},"end":{}}],"line":70},"8":{"loc":{"start":{"line":116,"column":8},"end":{"line":121,"column":9}},"type":"if","locations":[{"start":{"line":116,"column":8},"end":{"line":121,"column":9}},{"start":{},"end":{}}],"line":116},"9":{"loc":{"start":{"line":155,"column":8},"end":{"line":160,"column":9}},"type":"if","locations":[{"start":{"line":155,"column":8},"end":{"line":160,"column":9}},{"start":{},"end":{}}],"line":155},"10":{"loc":{"start":{"line":218,"column":8},"end":{"line":223,"column":9}},"type":"if","locations":[{"start":{"line":218,"column":8},"end":{"line":223,"column":9}},{"start":{},"end":{}}],"line":218},"11":{"loc":{"start":{"line":296,"column":8},"end":{"line":301,"column":9}},"type":"if","locations":[{"start":{"line":296,"column":8},"end":{"line":301,"column":9}},{"start":{},"end":{}}],"line":296},"12":{"loc":{"start":{"line":329,"column":8},"end":{"line":334,"column":9}},"type":"if","locations":[{"start":{"line":329,"column":8},"end":{"line":334,"column":9}},{"start":{},"end":{}}],"line":329},"13":{"loc":{"start":{"line":356,"column":8},"end":{"line":356,"column":51}},"type":"if","locations":[{"start":{"line":356,"column":8},"end":{"line":356,"column":51}},{"start":{},"end":{}}],"line":356},"14":{"loc":{"start":{"line":357,"column":8},"end":{"line":357,"column":46}},"type":"if","locations":[{"start":{"line":357,"column":8},"end":{"line":357,"column":46}},{"start":{},"end":{}}],"line":357},"15":{"loc":{"start":{"line":358,"column":8},"end":{"line":362,"column":9}},"type":"if","locations":[{"start":{"line":358,"column":8},"end":{"line":362,"column":9}},{"start":{},"end":{}}],"line":358},"16":{"loc":{"start":{"line":358,"column":12},"end":{"line":358,"column":32}},"type":"binary-expr","locations":[{"start":{"line":358,"column":12},"end":{"line":358,"column":20}},{"start":{"line":358,"column":24},"end":{"line":358,"column":32}}],"line":358},"17":{"loc":{"start":{"line":360,"column":12},"end":{"line":360,"column":65}},"type":"if","locations":[{"start":{"line":360,"column":12},"end":{"line":360,"column":65}},{"start":{},"end":{}}],"line":360},"18":{"loc":{"start":{"line":361,"column":12},"end":{"line":361,"column":65}},"type":"if","locations":[{"start":{"line":361,"column":12},"end":{"line":361,"column":65}},{"start":{},"end":{}}],"line":361},"19":{"loc":{"start":{"line":363,"column":8},"end":{"line":363,"column":74}},"type":"if","locations":[{"start":{"line":363,"column":8},"end":{"line":363,"column":74}},{"start":{},"end":{}}],"line":363}},"s":{"0":1,"1":1,"2":1,"3":1,"4":5,"5":5,"6":5,"7":1,"8":4,"9":1,"10":3,"11":2,"12":1,"13":1,"14":0,"15":1,"16":1,"17":1,"18":1,"19":1,"20":0,"21":1,"22":2,"23":2,"24":1,"25":1,"26":1,"27":1,"28":1,"29":0,"30":0,"31":1,"32":1,"33":1,"34":1,"35":1,"36":1,"37":1,"38":0,"39":0,"40":1,"41":1,"42":1,"43":1,"44":1,"45":1,"46":0,"47":0,"48":1,"49":0,"50":0,"51":0,"52":0,"53":0,"54":1,"55":0,"56":0,"57":0,"58":0,"59":0,"60":0,"61":0,"62":0,"63":0,"64":1,"65":0,"66":0,"67":0,"68":0,"69":0,"70":1,"71":0,"72":0,"73":0,"74":0,"75":0,"76":0,"77":0,"78":1,"79":0,"80":0,"81":0,"82":0,"83":0,"84":0,"85":0,"86":1,"87":0,"88":0,"89":0,"90":0,"91":0,"92":0,"93":0,"94":0,"95":0,"96":0,"97":0,"98":0,"99":0,"100":0,"101":0,"102":0,"103":0,"104":0},"f":{"0":5,"1":1,"2":2,"3":1,"4":1,"5":0,"6":0,"7":0,"8":0,"9":0,"10":0},"b":{"0":[1,4],"1":[5,4],"2":[1,3],"3":[4,4],"4":[2,1],"5":[3,2],"6":[1,1],"7":[1,0],"8":[1,0],"9":[1,0],"10":[0,0],"11":[0,0],"12":[0,0],"13":[0,0],"14":[0,0],"15":[0,0],"16":[0,0],"17":[0,0],"18":[0,0],"19":[0,0]},"_coverageSchema":"1a1c01bbd47fc00a2c39e90264f33305004495a9","hash":"801a58d9c14575902e7fcc8079d4673b7d569187"}
,"C:\\Users\\essra\\tp-api-nodejs\\models\\Etudiant.js": {"path":"C:\\Users\\essra\\tp-api-nodejs\\models\\Etudiant.js","statementMap":{"0":{"start":{"line":1,"column":17},"end":{"line":1,"column":36}},"1":{"start":{"line":3,"column":23},"end":{"line":60,"column":2}},"2":{"start":{"line":62,"column":0},"end":{"line":62,"column":60}}},"fnMap":{},"branchMap":{},"s":{"0":1,"1":1,"2":1},"f":{},"b":{},"_coverageSchema":"1a1c01bbd47fc00a2c39e90264f33305004495a9","hash":"bed8849105d57a7c109b9a2db05a2a8153d3577e"}
,"C:\\Users\\essra\\tp-api-nodejs\\routes\\etudiantRoutes.js": {"path":"C:\\Users\\essra\\tp-api-nodejs\\routes\\etudiantRoutes.js","statementMap":{"0":{"start":{"line":1,"column":16},"end":{"line":1,"column":34}},"1":{"start":{"line":2,"column":15},"end":{"line":2,"column":31}},"2":{"start":{"line":15,"column":4},"end":{"line":15,"column":48}},"3":{"start":{"line":18,"column":0},"end":{"line":18,"column":39}},"4":{"start":{"line":21,"column":0},"end":{"line":21,"column":46}},"5":{"start":{"line":24,"column":0},"end":{"line":24,"column":55}},"6":{"start":{"line":27,"column":0},"end":{"line":29,"column":26}},"7":{"start":{"line":32,"column":0},"end":{"line":32,"column":46}},"8":{"start":{"line":35,"column":0},"end":{"line":35,"column":52}},"9":{"start":{"line":38,"column":0},"end":{"line":41,"column":28}},"10":{"start":{"line":43,"column":0},"end":{"line":43,"column":24}}},"fnMap":{},"branchMap":{},"s":{"0":1,"1":1,"2":1,"3":1,"4":1,"5":1,"6":1,"7":1,"8":1,"9":1,"10":1},"f":{},"b":{},"_coverageSchema":"1a1c01bbd47fc00a2c39e90264f33305004495a9","hash":"6cf5151daa113add65da61bde6271a24bdc87e2c"}
,"C:\\Users\\essra\\tp-api-nodejs\\utils\\calculNote.js": {"path":"C:\\Users\\essra\\tp-api-nodejs\\utils\\calculNote.js","statementMap":{"0":{"start":{"line":4,"column":2},"end":{"line":4,"column":15}},"1":{"start":{"line":12,"column":2},"end":{"line":12,"column":64}},"2":{"start":{"line":12,"column":51},"end":{"line":12,"column":64}},"3":{"start":{"line":13,"column":2},"end":{"line":13,"column":37}},"4":{"start":{"line":17,"column":2},"end":{"line":19,"column":3}},"5":{"start":{"line":18,"column":4},"end":{"line":18,"column":54}},"6":{"start":{"line":20,"column":2},"end":{"line":22,"column":3}},"7":{"start":{"line":21,"column":4},"end":{"line":21,"column":67}},"8":{"start":{"line":23,"column":2},"end":{"line":23,"column":40}},"9":{"start":{"line":23,"column":21},"end":{"line":23,"column":40}},"10":{"start":{"line":24,"column":2},"end":{"line":24,"column":35}},"11":{"start":{"line":24,"column":21},"end":{"line":24,"column":35}},"12":{"start":{"line":25,"column":2},"end":{"line":25,"column":41}},"13":{"start":{"line":25,"column":21},"end":{"line":25,"column":41}},"14":{"start":{"line":26,"column":2},"end":{"line":26,"column":39}},"15":{"start":{"line":26,"column":21},"end":{"line":26,"column":39}},"16":{"start":{"line":27,"column":2},"end":{"line":27,"column":23}},"17":{"start":{"line":29,"column":0},"end":{"line":29,"column":64}}},"fnMap":{"0":{"name":"additionner","decl":{"start":{"line":3,"column":9},"end":{"line":3,"column":20}},"loc":{"start":{"line":3,"column":27},"end":{"line":5,"column":1}},"line":3},"1":{"name":"isValidMoyenne","decl":{"start":{"line":11,"column":9},"end":{"line":11,"column":23}},"loc":{"start":{"line":11,"column":32},"end":{"line":14,"column":1}},"line":11},"2":{"name":"calculMention","decl":{"start":{"line":16,"column":9},"end":{"line":16,"column":22}},"loc":{"start":{"line":16,"column":32},"end":{"line":28,"column":1}},"line":16}},"branchMap":{"0":{"loc":{"start":{"line":12,"column":2},"end":{"line":12,"column":64}},"type":"if","locations":[{"start":{"line":12,"column":2},"end":{"line":12,"column":64}},{"start":{},"end":{}}],"line":12},"1":{"loc":{"start":{"line":12,"column":6},"end":{"line":12,"column":49}},"type":"binary-expr","locations":[{"start":{"line":12,"column":6},"end":{"line":12,"column":32}},{"start":{"line":12,"column":36},"end":{"line":12,"column":49}}],"line":12},"2":{"loc":{"start":{"line":13,"column":9},"end":{"line":13,"column":36}},"type":"binary-expr","locations":[{"start":{"line":13,"column":9},"end":{"line":13,"column":20}},{"start":{"line":13,"column":24},"end":{"line":13,"column":36}}],"line":13},"3":{"loc":{"start":{"line":17,"column":2},"end":{"line":19,"column":3}},"type":"if","locations":[{"start":{"line":17,"column":2},"end":{"line":19,"column":3}},{"start":{},"end":{}}],"line":17},"4":{"loc":{"start":{"line":17,"column":6},"end":{"line":17,"column":51}},"type":"binary-expr","locations":[{"start":{"line":17,"column":6},"end":{"line":17,"column":33}},{"start":{"line":17,"column":37},"end":{"line":17,"column":51}}],"line":17},"5":{"loc":{"start":{"line":20,"column":2},"end":{"line":22,"column":3}},"type":"if","locations":[{"start":{"line":20,"column":2},"end":{"line":22,"column":3}},{"start":{},"end":{}}],"line":20},"6":{"loc":{"start":{"line":23,"column":2},"end":{"line":23,"column":40}},"type":"if","locations":[{"start":{"line":23,"column":2},"end":{"line":23,"column":40}},{"start":{},"end":{}}],"line":23},"7":{"loc":{"start":{"line":24,"column":2},"end":{"line":24,"column":35}},"type":"if","locations":[{"start":{"line":24,"column":2},"end":{"line":24,"column":35}},{"start":{},"end":{}}],"line":24},"8":{"loc":{"start":{"line":25,"column":2},"end":{"line":25,"column":41}},"type":"if","locations":[{"start":{"line":25,"column":2},"end":{"line":25,"column":41}},{"start":{},"end":{}}],"line":25},"9":{"loc":{"start":{"line":26,"column":2},"end":{"line":26,"column":39}},"type":"if","locations":[{"start":{"line":26,"column":2},"end":{"line":26,"column":39}},{"start":{},"end":{}}],"line":26}},"s":{"0":3,"1":16,"2":3,"3":13,"4":9,"5":1,"6":8,"7":2,"8":6,"9":2,"10":4,"11":1,"12":3,"13":0,"14":3,"15":1,"16":2,"17":1},"f":{"0":3,"1":16,"2":9},"b":{"0":[3,13],"1":[16,13],"2":[13,11],"3":[1,8],"4":[9,8],"5":[2,6],"6":[2,4],"7":[1,3],"8":[0,3],"9":[1,2]},"_coverageSchema":"1a1c01bbd47fc00a2c39e90264f33305004495a9","hash":"21ad4c670f7074c9b1a3da6daf3349efb3a4db21"}
}
