TN:
SF:app.js
FN:24,(anonymous_0)
FN:40,(anonymous_1)
FN:56,(anonymous_2)
FNF:3
FNH:0
FNDA:0,(anonymous_0)
FNDA:0,(anonymous_1)
FNDA:0,(anonymous_2)
DA:4,1
DA:9,1
DA:17,1
DA:24,1
DA:25,0
DA:40,1
DA:41,0
DA:49,1
DA:56,1
DA:57,0
DA:63,1
LF:11
LH:8
BRF:0
BRH:0
end_of_record
TN:
SF:controllers\etudiantcontroller.js
FN:5,(anonymous_0)
FN:32,(anonymous_1)
FN:58,(anonymous_2)
FN:97,(anonymous_3)
FN:143,(anonymous_4)
FN:182,(anonymous_5)
FN:210,(anonymous_6)
FN:259,(anonymous_7)
FN:286,(anonymous_8)
FN:323,(anonymous_9)
FN:351,(anonymous_10)
FNF:11
FNH:5
FNDA:5,(anonymous_0)
FNDA:1,(anonymous_1)
FNDA:2,(anonymous_2)
FNDA:1,(anonymous_3)
FNDA:1,(anonymous_4)
FNDA:0,(anonymous_5)
FNDA:0,(anonymous_6)
FNDA:0,(anonymous_7)
FNDA:0,(anonymous_8)
FNDA:0,(anonymous_9)
FNDA:0,(anonymous_10)
DA:2,1
DA:3,1
DA:4,1
DA:5,1
DA:6,5
DA:7,5
DA:9,5
DA:10,1
DA:12,4
DA:13,1
DA:15,3
DA:16,2
DA:19,1
DA:20,1
DA:21,0
DA:23,1
DA:32,1
DA:33,1
DA:35,1
DA:37,1
DA:44,0
DA:58,1
DA:59,2
DA:60,2
DA:61,1
DA:64,1
DA:67,1
DA:70,1
DA:71,1
DA:78,0
DA:84,0
DA:97,1
DA:98,1
DA:99,1
DA:100,1
DA:109,1
DA:116,1
DA:117,1
DA:123,0
DA:130,0
DA:143,1
DA:144,1
DA:145,1
DA:149,1
DA:155,1
DA:156,1
DA:162,0
DA:169,0
DA:182,1
DA:183,0
DA:184,0
DA:187,0
DA:189,0
DA:197,0
DA:210,1
DA:211,0
DA:213,0
DA:215,0
DA:218,0
DA:219,0
DA:227,0
DA:231,0
DA:239,0
DA:247,0
DA:259,1
DA:260,0
DA:261,0
DA:264,0
DA:266,0
DA:274,0
DA:286,1
DA:287,0
DA:288,0
DA:290,0
DA:296,0
DA:297,0
DA:303,0
DA:310,0
DA:323,1
DA:324,0
DA:325,0
DA:327,0
DA:329,0
DA:330,0
DA:336,0
DA:343,0
DA:351,1
DA:352,0
DA:353,0
DA:354,0
DA:356,0
DA:357,0
DA:358,0
DA:359,0
DA:360,0
DA:361,0
DA:363,0
DA:365,0
DA:367,0
DA:374,0
LF:100
LH:46
BRDA:9,0,0,1
BRDA:9,0,1,4
BRDA:9,1,0,5
BRDA:9,1,1,4
BRDA:12,2,0,1
BRDA:12,2,1,3
BRDA:12,3,0,4
BRDA:12,3,1,4
BRDA:15,4,0,2
BRDA:15,4,1,1
BRDA:15,5,0,3
BRDA:15,5,1,2
BRDA:60,6,0,1
BRDA:60,6,1,1
BRDA:70,7,0,1
BRDA:70,7,1,0
BRDA:116,8,0,1
BRDA:116,8,1,0
BRDA:155,9,0,1
BRDA:155,9,1,0
BRDA:218,10,0,0
BRDA:218,10,1,0
BRDA:296,11,0,0
BRDA:296,11,1,0
BRDA:329,12,0,0
BRDA:329,12,1,0
BRDA:356,13,0,0
BRDA:356,13,1,0
BRDA:357,14,0,0
BRDA:357,14,1,0
BRDA:358,15,0,0
BRDA:358,15,1,0
BRDA:358,16,0,0
BRDA:358,16,1,0
BRDA:360,17,0,0
BRDA:360,17,1,0
BRDA:361,18,0,0
BRDA:361,18,1,0
BRDA:363,19,0,0
BRDA:363,19,1,0
BRF:40
BRH:17
end_of_record
TN:
SF:models\Etudiant.js
FNF:0
FNH:0
DA:1,1
DA:3,1
DA:62,1
LF:3
LH:3
BRF:0
BRH:0
end_of_record
TN:
SF:routes\etudiantRoutes.js
FNF:0
FNH:0
DA:1,1
DA:2,1
DA:15,1
DA:18,1
DA:21,1
DA:24,1
DA:27,1
DA:32,1
DA:35,1
DA:38,1
DA:43,1
LF:11
LH:11
BRF:0
BRH:0
end_of_record
TN:
SF:utils\calculNote.js
FN:3,additionner
FN:11,isValidMoyenne
FN:16,calculMention
FNF:3
FNH:3
FNDA:3,additionner
FNDA:16,isValidMoyenne
FNDA:9,calculMention
DA:4,3
DA:12,16
DA:13,13
DA:17,9
DA:18,1
DA:20,8
DA:21,2
DA:23,6
DA:24,4
DA:25,3
DA:26,3
DA:27,2
DA:29,1
LF:13
LH:13
BRDA:12,0,0,3
BRDA:12,0,1,13
BRDA:12,1,0,16
BRDA:12,1,1,13
BRDA:13,2,0,13
BRDA:13,2,1,11
BRDA:17,3,0,1
BRDA:17,3,1,8
BRDA:17,4,0,9
BRDA:17,4,1,8
BRDA:20,5,0,2
BRDA:20,5,1,6
BRDA:23,6,0,2
BRDA:23,6,1,4
BRDA:24,7,0,1
BRDA:24,7,1,3
BRDA:25,8,0,0
BRDA:25,8,1,3
BRDA:26,9,0,1
BRDA:26,9,1,2
BRF:20
BRH:19
end_of_record
